tf_demo/gradleBuild/outputs/logs/manifest-merger-debug-report.txt
-- Merging decision tree log ---
manifest
ADDED from plantvillage/tf_demo/AndroidManifest.xml:18:1-46:12
MERGED from [org.tensorflow:tensorflow-android:1.13.1] AndroidManifest.xml:2:1-8:12
	package
		ADDED from plantvillage/tf_demo/AndroidManifest.xml:19:5-34
	xmlns:android
		ADDED from plantvillage/tf_demo/AndroidManifest.xml:18:11-69
uses-permission#android.permission.CAMERA
ADDED from plantvillage/tf_demo/AndroidManifest.xml:21:5-65
	android:name
		ADDED from plantvillage/tf_demo/AndroidManifest.xml:21:22-62
uses-feature#android.hardware.camera
ADDED from plantvillage/tf_demo/AndroidManifest.xml:22:5-60
	android:name
		ADDED from plantvillage/tf_demo/AndroidManifest.xml:22:19-57
uses-feature#android.hardware.camera.autofocus
ADDED from plantvillage/tf_demo/AndroidManifest.xml:23:5-70
	android:name
		ADDED from plantvillage/tf_demo/AndroidManifest.xml:23:19-67
uses-permission#android.permission.WRITE_EXTERNAL_STORAGE
ADDED from plantvillage/tf_demo/AndroidManifest.xml:24:5-80
	android:name
		ADDED from plantvillage/tf_demo/AndroidManifest.xml:24:22-78
uses-permission#android.permission.RECORD_AUDIO
ADDED from plantvillage/tf_demo/AndroidManifest.xml:25:5-71
	android:name
		ADDED from plantvillage/tf_demo/AndroidManifest.xml:25:22-68
uses-sdk
ADDED from plantvillage/tf_demo/AndroidManifest.xml:27:5-47
INJECTED from plantvillage/tf_demo/AndroidManifest.xml:27:5-47
INJECTED from plantvillage/tf_demo/AndroidManifest.xml:27:5-47
	android:targetSdkVersion
		ADDED from plantvillage/tf_demo/AndroidManifest.xml:27:15-44
	android:minSdkVersion
		INJECTED from plantvillage/tf_demo/AndroidManifest.xml
		ADDED from plantvillage/tf_demo/AndroidManifest.xml:27:5-47
		INJECTED from plantvillage/tf_demo/AndroidManifest.xml
application
ADDED from plantvillage/tf_demo/AndroidManifest.xml:29:5-44:19
MERGED from [org.tensorflow:tensorflow-android:1.13.1] AndroidManifest.xml:5:5-6:19
MERGED from [org.tensorflow:tensorflow-android:1.13.1] AndroidManifest.xml:5:5-6:19
	android:label
		ADDED from plantvillage/tf_demo/AndroidManifest.xml:31:9-41
	android:debuggable
		ADDED from plantvillage/tf_demo/AndroidManifest.xml:30:9-34
	android:icon
		ADDED from plantvillage/tf_demo/AndroidManifest.xml:32:9-46
	android:allowBackup
		ADDED from plantvillage/tf_demo/AndroidManifest.xml:29:18-44
	android:theme
		ADDED from plantvillage/tf_demo/AndroidManifest.xml:33:9-45
activity#org.tensorflow.demo.DetectorActivity
ADDED from plantvillage/tf_demo/AndroidManifest.xml:35:9-42:20
	android:screenOrientation
		ADDED from plantvillage/tf_demo/AndroidManifest.xml:36:19-55
	android:label
		ADDED from plantvillage/tf_demo/AndroidManifest.xml:37:19-44
	android:name
		ADDED from plantvillage/tf_demo/AndroidManifest.xml:35:19-70
intent-filter#action:name:android.intent.action.MAIN+category:name:android.intent.category.LAUNCHER
ADDED from plantvillage/tf_demo/AndroidManifest.xml:38:13-41:29
action#android.intent.action.MAIN
ADDED from plantvillage/tf_demo/AndroidManifest.xml:39:17-69
	android:name
		ADDED from plantvillage/tf_demo/AndroidManifest.xml:39:25-66
category#android.intent.category.LAUNCHER
ADDED from plantvillage/tf_demo/AndroidManifest.xml:40:17-77
	android:name
		ADDED from plantvillage/tf_demo/AndroidManifest.xml:40:27-74
uses-permission#android.permission.READ_PHONE_STATE
IMPLIED from plantvillage/tf_demo/AndroidManifest.xml:18:1-46:12 reason: tensorflow.contrib.android has a targetSdkVersion < 4
uses-permission#android.permission.READ_EXTERNAL_STORAGE
IMPLIED from plantvillage/tf_demo/AndroidManifest.xml:18:1-46:12 reason: tensorflow.contrib.android requested WRITE_EXTERNAL_STORAGE